2025-04-12 11:20:55,031 [INFO] Activator:176 - 


2025-04-12 11:20:55,031 [INFO] Activator:177 - !SESSION log4j initialized
2025-04-12 11:20:58,450 [INFO] LogOutputStream:77 - [STDOUT_REDIRECT] 
2025-04-12 11:21:00,115 [INFO] ApplicationProperties:184 - Using Application install path: C:\Progs\STM32CubeIDE_1.16.1\STM32CubeIDE\plugins\com.st.stm32cube.common.mx_6.12.1.202409122256
2025-04-12 11:21:00,128 [INFO] DbMcusXml:78 - Set database path to: C:\Progs\STM32CubeIDE_1.16.1\STM32CubeIDE\plugins\com.st.stm32cube.common.mx_6.12.1.202409122256\\db\/mcu/
2025-04-12 11:21:00,128 [INFO] ApiDb:274 - Set plugin database path to: C:\Progs\STM32CubeIDE_1.16.1\STM32CubeIDE\plugins\com.st.stm32cube.common.mx_6.12.1.202409122256\\db\/plugins/boardmanager/
2025-04-12 11:21:00,129 [WARN] ApiDb:259 - Overriding images path with different value:  => C:\Progs\STM32CubeIDE_1.16.1\STM32CubeIDE\plugins\com.st.stm32cube.common.mx_6.12.1.202409122256\\db\/plugins/mcufinder/images/
2025-04-12 11:21:00,940 [WARN] ApiFinderProperties:113 - C:\Users\25964917\.stmcufinder\plugins\mcufinder\mcu\mcuFinder.mfd doesn't exist
2025-04-12 11:21:00,942 [INFO] ApiDb:250 - Set database path to: C:\Users\25964917\.stmcufinder\plugins\mcufinder//mcu/
2025-04-12 11:21:00,944 [INFO] DbMcusAds:125 - Set database path to: C:\Users\25964917\.stmcufinder\plugins\mcufinder//mcu/
2025-04-12 11:21:00,947 [INFO] CrossReferenceDbSqlite:203 - Set database path to: C:\Users\25964917\.stmcufinder\plugins\mcufinder//mcu/cs/
2025-04-12 11:21:01,033 [INFO] RulesReader:64 - Compatibility file has been processed (297 Rules)
2025-04-12 11:21:01,079 [INFO] DbMcusXml:78 - Set database path to: C:\Progs\STM32CubeIDE_1.16.1\STM32CubeIDE\plugins\com.st.stm32cube.common.mx_6.12.1.202409122256\\db\/mcu/
2025-04-12 11:21:01,080 [INFO] ApiDb:274 - Set plugin database path to: C:\Progs\STM32CubeIDE_1.16.1\STM32CubeIDE\plugins\com.st.stm32cube.common.mx_6.12.1.202409122256\\db\/plugins/boardmanager/
2025-04-12 11:21:01,081 [INFO] ApiDb:261 - Set plugin images path to: C:\Progs\STM32CubeIDE_1.16.1\STM32CubeIDE\plugins\com.st.stm32cube.common.mx_6.12.1.202409122256\\db\/plugins/mcufinder/images/
2025-04-12 11:21:01,081 [WARN] DbFile:41 - Overriding database path with different value: C:\Users\25964917\.stmcufinder\plugins\mcufinder/ => C:\Users\25964917\.stmcufinder\plugins\mcufinder
2025-04-12 11:21:01,082 [INFO] ApiDb:250 - Set database path to: C:\Users\25964917\.stmcufinder\plugins\mcufinder//mcu/
2025-04-12 11:21:01,082 [WARN] DbFile:41 - Overriding database path with different value: C:\Users\25964917\.stmcufinder\plugins\mcufinder/ => C:\Users\25964917\.stmcufinder\plugins\mcufinder
2025-04-12 11:21:01,083 [INFO] DbMcusAds:125 - Set database path to: C:\Users\25964917\.stmcufinder\plugins\mcufinder//mcu/
2025-04-12 11:21:01,083 [WARN] DbFile:41 - Overriding database path with different value: C:\Users\25964917\.stmcufinder\plugins\mcufinder/ => C:\Users\25964917\.stmcufinder\plugins\mcufinder
2025-04-12 11:21:01,084 [WARN] DbFile:41 - Overriding database path with different value: C:\Users\25964917\.stmcufinder\plugins\mcufinder/ => C:\Users\25964917\.stmcufinder\plugins\mcufinder
2025-04-12 11:21:01,084 [INFO] CrossReferenceDbSqlite:203 - Set database path to: C:\Users\25964917\.stmcufinder\plugins\mcufinder//mcu/cs/
2025-04-12 11:21:01,135 [INFO] MainPanel:268 - HeapMemory: 268435456
2025-04-12 11:21:01,196 [INFO] DbMcusXml:78 - Set database path to: C:\Progs\STM32CubeIDE_1.16.1\STM32CubeIDE\plugins\com.st.stm32cube.common.mx_6.12.1.202409122256\\db\/mcu/
2025-04-12 11:21:01,197 [INFO] ApiDb:274 - Set plugin database path to: C:\Progs\STM32CubeIDE_1.16.1\STM32CubeIDE\plugins\com.st.stm32cube.common.mx_6.12.1.202409122256\\db\/plugins/boardmanager/
2025-04-12 11:21:01,197 [INFO] ApiDb:261 - Set plugin images path to: C:\Progs\STM32CubeIDE_1.16.1\STM32CubeIDE\plugins\com.st.stm32cube.common.mx_6.12.1.202409122256\\db\/plugins/mcufinder/images/
2025-04-12 11:21:01,198 [WARN] DbFile:41 - Overriding database path with different value: C:\Users\25964917\.stmcufinder\plugins\mcufinder/ => C:\Users\25964917\.stmcufinder\plugins\mcufinder
2025-04-12 11:21:01,198 [INFO] ApiDb:250 - Set database path to: C:\Users\25964917\.stmcufinder\plugins\mcufinder//mcu/
2025-04-12 11:21:01,199 [WARN] DbFile:41 - Overriding database path with different value: C:\Users\25964917\.stmcufinder\plugins\mcufinder/ => C:\Users\25964917\.stmcufinder\plugins\mcufinder
2025-04-12 11:21:01,199 [INFO] DbMcusAds:125 - Set database path to: C:\Users\25964917\.stmcufinder\plugins\mcufinder//mcu/
2025-04-12 11:21:01,200 [WARN] DbFile:41 - Overriding database path with different value: C:\Users\25964917\.stmcufinder\plugins\mcufinder/ => C:\Users\25964917\.stmcufinder\plugins\mcufinder
2025-04-12 11:21:01,200 [WARN] DbFile:41 - Overriding database path with different value: C:\Users\25964917\.stmcufinder\plugins\mcufinder/ => C:\Users\25964917\.stmcufinder\plugins\mcufinder
2025-04-12 11:21:01,201 [INFO] CrossReferenceDbSqlite:203 - Set database path to: C:\Users\25964917\.stmcufinder\plugins\mcufinder//mcu/cs/
2025-04-12 11:21:01,214 [INFO] ApplicationProperties:184 - Using Application install path: C:\Progs\STM32CubeIDE_1.16.1\STM32CubeIDE\plugins\com.st.stm32cube.common.mx_6.12.1.202409122256
2025-04-12 11:21:01,216 [INFO] PluginManage:196 - Search for loadable plugins [exclusion list=, ]
2025-04-12 11:21:01,217 [INFO] PluginManage:310 - Check plugin analytics
2025-04-12 11:21:01,342 [INFO] AnalyticsPlugin:253 - Accepted Software Licenses: 
2025-04-12 11:21:01,343 [INFO] AnalyticsPlugin:255 - Accepted CMSIS Pack Licenses: 
2025-04-12 11:21:01,343 [INFO] AnalyticsPlugin:257 - Accepted Firmware Licenses: 
2025-04-12 11:21:01,346 [INFO] PluginManage:359 - Loaded plugin analytics (category:tool,tabindex:-1)
2025-04-12 11:21:01,347 [INFO] PluginManage:310 - Check plugin cadmodel
2025-04-12 11:21:01,365 [INFO] CADModel:105 - Init CAD model plugin
2025-04-12 11:21:01,367 [INFO] PluginManage:359 - Loaded plugin cadmodel (category:power,tabindex:5)
2025-04-12 11:21:01,368 [INFO] PluginManage:310 - Check plugin clock
2025-04-12 11:21:01,389 [INFO] PluginManage:359 - Loaded plugin clock (category:base,tabindex:2)
2025-04-12 11:21:01,390 [INFO] PluginManage:310 - Check plugin ddr
2025-04-12 11:21:01,393 [INFO] PluginManage:359 - Loaded plugin ddr (category:tool,tabindex:6)
2025-04-12 11:21:01,394 [INFO] PluginManage:310 - Check plugin filemanager
2025-04-12 11:21:01,504 [INFO] PluginManage:359 - Loaded plugin filemanager (category:base,tabindex:10)
2025-04-12 11:21:01,504 [INFO] PluginManage:310 - Check plugin ipmanager
2025-04-12 11:21:01,510 [INFO] PluginManage:359 - Loaded plugin ipmanager (category:base,tabindex:5)
2025-04-12 11:21:01,511 [INFO] PluginManage:310 - Check plugin lpbam
2025-04-12 11:21:01,528 [INFO] PluginManage:359 - Loaded plugin lpbam (category:base,tabindex:0)
2025-04-12 11:21:01,529 [INFO] PluginManage:310 - Check plugin memorymap
2025-04-12 11:21:01,567 [INFO] PluginManage:359 - Loaded plugin memorymap (category:base,tabindex:4)
2025-04-12 11:21:01,569 [INFO] PluginManage:310 - Check plugin pinoutandconfiguration
2025-04-12 11:21:01,592 [INFO] PluginManage:359 - Loaded plugin pinoutandconfiguration (category:base,tabindex:1)
2025-04-12 11:21:01,593 [INFO] PluginManage:310 - Check plugin pinoutconfig
2025-04-12 11:21:01,656 [WARN] SupportedApi:132 - Cannot load RTOS API schema: s4s-elt-must-match.1: The content of 'definitions' must match (annotation?, (simpleType | complexType)?, (unique | key | keyref)*)). A problem was found starting at: attribute.
2025-04-12 11:21:01,740 [INFO] PluginManage:359 - Loaded plugin pinoutconfig (category:base,tabindex:0)
2025-04-12 11:21:01,741 [INFO] PluginManage:310 - Check plugin power
2025-04-12 11:21:01,758 [INFO] PluginManage:359 - Loaded plugin power (category:power,tabindex:4)
2025-04-12 11:21:01,759 [INFO] PluginManage:310 - Check plugin projectmanager
2025-04-12 11:21:01,770 [INFO] PluginManage:359 - Loaded plugin projectmanager (category:projectmanager,tabindex:4)
2025-04-12 11:21:01,770 [INFO] PluginManage:310 - Check plugin rif
2025-04-12 11:21:01,785 [INFO] PluginManage:359 - Loaded plugin rif (category:base,tabindex:3)
2025-04-12 11:21:01,785 [INFO] PluginManage:310 - Check plugin thirdparty
2025-04-12 11:21:01,970 [INFO] PluginManage:359 - Loaded plugin thirdparty (category:base,tabindex:-1)
2025-04-12 11:21:01,971 [INFO] PluginManage:310 - Check plugin tools
2025-04-12 11:21:01,970 [WARN] IntegrityCheckThread:84 - waiting for thirdparty lock release [integrity check]
2025-04-12 11:21:01,972 [INFO] IntegrityCheckThread:86 - entering critical section [integrity check]
2025-04-12 11:21:01,972 [INFO] ThirdPartyUpdaterWithRetryManager:70 - Updater plugin not ready yet. [1/15]
2025-04-12 11:21:02,000 [INFO] PluginManage:359 - Loaded plugin tools (category:base,tabindex:7)
2025-04-12 11:21:02,000 [INFO] PluginManage:310 - Check plugin tutovideos
2025-04-12 11:21:02,122 [INFO] PluginManage:359 - Loaded plugin tutovideos (category:base,tabindex:-1)
2025-04-12 11:21:02,123 [INFO] PluginManage:310 - Check plugin updater
2025-04-12 11:21:02,137 [INFO] PluginManage:359 - Loaded plugin updater (category:base,tabindex:12)
2025-04-12 11:21:02,138 [INFO] PluginManage:310 - Check plugin userauth
2025-04-12 11:21:02,142 [INFO] UserAuth:113 - Init User Auth plugin
2025-04-12 11:21:02,143 [INFO] PluginManage:359 - Loaded plugin userauth (category:base,tabindex:14)
2025-04-12 11:21:02,144 [INFO] PluginManage:283 - PluginManage : Loaded plugins [18]
2025-04-12 11:21:02,267 [INFO] PinOutPanel:1561 - setPackage(No Configuration,No Configuration)
2025-04-12 11:21:02,320 [INFO] CADModel:165 - CPN selected for project level
2025-04-12 11:21:02,321 [INFO] CADModel:114 - Register for checkConnection events
2025-04-12 11:21:02,342 [INFO] IPUIPlugin:80 - create IPUIPlugin
2025-04-12 11:21:02,343 [INFO] PluginManager:220 - loadIPPluginJar : add adc
2025-04-12 11:21:02,374 [INFO] IPUIPlugin:80 - create IPUIPlugin
2025-04-12 11:21:02,375 [INFO] PluginManager:220 - loadIPPluginJar : add aes
2025-04-12 11:21:02,407 [INFO] IPUIPlugin:80 - create IPUIPlugin
2025-04-12 11:21:02,408 [INFO] PluginManager:220 - loadIPPluginJar : add can
2025-04-12 11:21:02,429 [INFO] IPUIPlugin:80 - create IPUIPlugin
2025-04-12 11:21:02,429 [INFO] PluginManager:220 - loadIPPluginJar : add comp
2025-04-12 11:21:02,459 [INFO] IPUIPlugin:80 - create IPUIPlugin
2025-04-12 11:21:02,459 [INFO] PluginManager:220 - loadIPPluginJar : add cryp
2025-04-12 11:21:02,471 [INFO] IPUIPlugin:80 - create IPUIPlugin
2025-04-12 11:21:02,471 [INFO] PluginManager:220 - loadIPPluginJar : add ddr_ctrl_phy
2025-04-12 11:21:02,498 [INFO] IPUIPlugin:80 - create IPUIPlugin
2025-04-12 11:21:02,498 [INFO] PluginManager:220 - loadIPPluginJar : add dfsdm
2025-04-12 11:21:02,511 [INFO] IPUIPlugin:80 - create IPUIPlugin
2025-04-12 11:21:02,512 [INFO] PluginManager:220 - loadIPPluginJar : add dma
2025-04-12 11:21:02,548 [INFO] IPUIPlugin:80 - create IPUIPlugin
2025-04-12 11:21:02,548 [INFO] PluginManager:220 - loadIPPluginJar : add dma3
2025-04-12 11:21:02,583 [INFO] IPUIPlugin:80 - create IPUIPlugin
2025-04-12 11:21:02,584 [INFO] PluginManager:220 - loadIPPluginJar : add extmemmanager
2025-04-12 11:21:02,601 [INFO] IPUIPlugin:80 - create IPUIPlugin
2025-04-12 11:21:02,602 [INFO] PluginManager:220 - loadIPPluginJar : add fatfs
2025-04-12 11:21:02,637 [INFO] IPUIPlugin:80 - create IPUIPlugin
2025-04-12 11:21:02,638 [INFO] PluginManager:220 - loadIPPluginJar : add fmc
2025-04-12 11:21:02,651 [INFO] IPUIPlugin:80 - create IPUIPlugin
2025-04-12 11:21:02,651 [INFO] PluginManager:220 - loadIPPluginJar : add freertos
2025-04-12 11:21:02,669 [INFO] IPUIPlugin:80 - create IPUIPlugin
2025-04-12 11:21:02,669 [INFO] PluginManager:220 - loadIPPluginJar : add genericplugin
2025-04-12 11:21:02,736 [INFO] IPUIPlugin:80 - create IPUIPlugin
2025-04-12 11:21:02,736 [INFO] PluginManager:220 - loadIPPluginJar : add gfxmmu
2025-04-12 11:21:02,825 [INFO] IPUIPlugin:80 - create IPUIPlugin
2025-04-12 11:21:02,827 [INFO] PluginManager:220 - loadIPPluginJar : add gic
2025-04-12 11:21:02,839 [INFO] IPUIPlugin:80 - create IPUIPlugin
2025-04-12 11:21:02,840 [INFO] PluginManager:220 - loadIPPluginJar : add gpio
2025-04-12 11:21:02,904 [INFO] IPUIPlugin:80 - create IPUIPlugin
2025-04-12 11:21:02,905 [INFO] PluginManager:220 - loadIPPluginJar : add gtzc
2025-04-12 11:21:02,931 [INFO] IPUIPlugin:80 - create IPUIPlugin
2025-04-12 11:21:02,933 [INFO] PluginManager:220 - loadIPPluginJar : add hash
2025-04-12 11:21:02,970 [INFO] IPUIPlugin:80 - create IPUIPlugin
2025-04-12 11:21:02,971 [INFO] PluginManager:220 - loadIPPluginJar : add i2c
2025-04-12 11:21:03,001 [INFO] IPUIPlugin:80 - create IPUIPlugin
2025-04-12 11:21:03,001 [INFO] PluginManager:220 - loadIPPluginJar : add i2s
2025-04-12 11:21:03,032 [INFO] IPUIPlugin:80 - create IPUIPlugin
2025-04-12 11:21:03,033 [INFO] PluginManager:220 - loadIPPluginJar : add i3c
2025-04-12 11:21:03,110 [INFO] IPUIPlugin:80 - create IPUIPlugin
2025-04-12 11:21:03,111 [INFO] PluginManager:220 - loadIPPluginJar : add ipddr
2025-04-12 11:21:03,181 [INFO] IPUIPlugin:80 - create IPUIPlugin
2025-04-12 11:21:03,181 [INFO] PluginManager:220 - loadIPPluginJar : add linkedlist
2025-04-12 11:21:03,211 [INFO] IPUIPlugin:80 - create IPUIPlugin
2025-04-12 11:21:03,212 [INFO] PluginManager:220 - loadIPPluginJar : add lorawan
2025-04-12 11:21:03,241 [INFO] IPUIPlugin:80 - create IPUIPlugin
2025-04-12 11:21:03,242 [INFO] PluginManager:220 - loadIPPluginJar : add ltdc
2025-04-12 11:21:03,255 [INFO] IPUIPlugin:80 - create IPUIPlugin
2025-04-12 11:21:03,256 [INFO] PluginManager:220 - loadIPPluginJar : add mdma
2025-04-12 11:21:03,267 [INFO] IPUIPlugin:80 - create IPUIPlugin
2025-04-12 11:21:03,268 [INFO] PluginManager:220 - loadIPPluginJar : add nvic
2025-04-12 11:21:03,304 [INFO] IPUIPlugin:80 - create IPUIPlugin
2025-04-12 11:21:03,305 [INFO] PluginManager:220 - loadIPPluginJar : add opamp
2025-04-12 11:21:03,354 [INFO] IPUIPlugin:80 - create IPUIPlugin
2025-04-12 11:21:03,355 [INFO] PluginManager:220 - loadIPPluginJar : add openamp
2025-04-12 11:21:03,387 [INFO] IPUIPlugin:80 - create IPUIPlugin
2025-04-12 11:21:03,388 [INFO] PluginManager:220 - loadIPPluginJar : add pdm2pcm
2025-04-12 11:21:03,400 [INFO] IPUIPlugin:80 - create IPUIPlugin
2025-04-12 11:21:03,402 [INFO] PluginManager:220 - loadIPPluginJar : add plateformsettings
2025-04-12 11:21:03,423 [INFO] IPUIPlugin:80 - create IPUIPlugin
2025-04-12 11:21:03,424 [INFO] PluginManager:220 - loadIPPluginJar : add quadspi
2025-04-12 11:21:03,445 [INFO] IPUIPlugin:80 - create IPUIPlugin
2025-04-12 11:21:03,446 [INFO] PluginManager:220 - loadIPPluginJar : add radio
2025-04-12 11:21:03,457 [INFO] IPUIPlugin:80 - create IPUIPlugin
2025-04-12 11:21:03,457 [INFO] PluginManager:220 - loadIPPluginJar : add resmgrutility
2025-04-12 11:21:03,491 [INFO] IPUIPlugin:80 - create IPUIPlugin
2025-04-12 11:21:03,492 [INFO] PluginManager:220 - loadIPPluginJar : add sai
2025-04-12 11:21:03,521 [INFO] IPUIPlugin:80 - create IPUIPlugin
2025-04-12 11:21:03,521 [INFO] PluginManager:220 - loadIPPluginJar : add spi
2025-04-12 11:21:03,571 [INFO] IPUIPlugin:80 - create IPUIPlugin
2025-04-12 11:21:03,572 [INFO] PluginManager:220 - loadIPPluginJar : add stm32_wpan
2025-04-12 11:21:03,594 [INFO] IPUIPlugin:80 - create IPUIPlugin
2025-04-12 11:21:03,594 [INFO] PluginManager:220 - loadIPPluginJar : add tim
2025-04-12 11:21:03,638 [INFO] IPUIPlugin:80 - create IPUIPlugin
2025-04-12 11:21:03,639 [INFO] PluginManager:220 - loadIPPluginJar : add touchsensing
2025-04-12 11:21:03,657 [INFO] IPUIPlugin:80 - create IPUIPlugin
2025-04-12 11:21:03,658 [INFO] PluginManager:220 - loadIPPluginJar : add tracer_emb
2025-04-12 11:21:03,678 [INFO] IPUIPlugin:80 - create IPUIPlugin
2025-04-12 11:21:03,679 [INFO] PluginManager:220 - loadIPPluginJar : add ts
2025-04-12 11:21:03,699 [INFO] IPUIPlugin:80 - create IPUIPlugin
2025-04-12 11:21:03,700 [INFO] PluginManager:220 - loadIPPluginJar : add tsc
2025-04-12 11:21:03,718 [INFO] IPUIPlugin:80 - create IPUIPlugin
2025-04-12 11:21:03,719 [INFO] PluginManager:220 - loadIPPluginJar : add ucpd
2025-04-12 11:21:03,752 [INFO] IPUIPlugin:80 - create IPUIPlugin
2025-04-12 11:21:03,752 [INFO] PluginManager:220 - loadIPPluginJar : add usart
2025-04-12 11:21:03,784 [INFO] IPUIPlugin:80 - create IPUIPlugin
2025-04-12 11:21:03,785 [INFO] PluginManager:220 - loadIPPluginJar : add usbx
2025-04-12 11:21:03,896 [INFO] CADModel:165 - CPN selected for project level
2025-04-12 11:21:03,897 [INFO] CADModel:114 - Register for checkConnection events
2025-04-12 11:21:03,899 [FATAL] Updater:334 - Updater called before beeing initialized
2025-04-12 11:21:03,900 [ERROR] CADModel:125 - Updater not yet initialized, retry later 
2025-04-12 11:21:03,971 [INFO] CADModel:165 - CPN selected for project level
2025-04-12 11:21:03,972 [INFO] CADModel:114 - Register for checkConnection events
2025-04-12 11:21:03,973 [FATAL] Updater:334 - Updater called before beeing initialized
2025-04-12 11:21:03,973 [ERROR] CADModel:125 - Updater not yet initialized, retry later 
2025-04-12 11:21:03,976 [FATAL] Updater:334 - Updater called before beeing initialized
2025-04-12 11:21:04,052 [FATAL] Updater:334 - Updater called before beeing initialized
2025-04-12 11:21:04,056 [INFO] DbMcusAds:53 - JSON generation date=Thu Sep 30 08:55:09 SAST 2021 (1632984909247)
2025-04-12 11:21:04,057 [FATAL] Updater:334 - Updater called before beeing initialized
2025-04-12 11:21:04,080 [WARN] DetailPanel:346 - Failed to get advertising image, set to default
2025-04-12 11:21:04,131 [FATAL] Updater:334 - Updater called before beeing initialized
2025-04-12 11:21:04,133 [FATAL] Updater:334 - Updater called before beeing initialized
2025-04-12 11:21:04,134 [FATAL] Updater:334 - Updater called before beeing initialized
2025-04-12 11:21:04,135 [WARN] DetailPanel:346 - Failed to get advertising image, set to default
2025-04-12 11:21:04,136 [FATAL] Updater:334 - Updater called before beeing initialized
2025-04-12 11:21:04,174 [ERROR] Updater:1164 - MainUpdater not yet initialized. External WinMGr cannot be set.
2025-04-12 11:21:04,182 [INFO] Updater:1100 - Updater Version found : 6.12.1
2025-04-12 11:21:04,196 [INFO] ApplicationProperties:184 - Using Application install path: C:\Progs\STM32CubeIDE_1.16.1\STM32CubeIDE\plugins\com.st.stm32cube.common.mx_6.12.1.202409122256
2025-04-12 11:21:04,218 [INFO] MainUpdater:526 - Copy updater definitions from MX database
2025-04-12 11:21:04,241 [INFO] MainUpdater:559 - Copy flag file definitions from MX database
2025-04-12 11:21:04,243 [INFO] MainUpdater:575 - Copy thirdparty index definitions from MX database
2025-04-12 11:21:04,245 [INFO] MainUpdater:594 - Copy default thirdparty db definitions from MX database
2025-04-12 11:21:04,354 [INFO] MainUpdater:2873 - connection check result : 10
2025-04-12 11:21:04,355 [INFO] MainUpdater:3567 - Updater definition file requires update
2025-04-12 11:21:04,357 [INFO] MainUpdater:290 - Updater Check For Update Now.
2025-04-12 11:21:04,357 [INFO] MicroXplorer:498 - Change Database Version : DB.6.0.121
2025-04-12 11:21:04,372 [INFO] McuFinderGlobals:63 - Set McuFinder mode to 2 (CubeIDE integrated)
2025-04-12 11:21:04,373 [INFO] UserAuth:179 - activating auth plugin
2025-04-12 11:21:04,376 [INFO] UserAuth:417 - Internet connection configuration mode: 1
2025-04-12 11:21:04,400 [INFO] JxBrowserEngine:152 - Initiate JxBrowser Engine with user profile folder
2025-04-12 11:21:04,401 [INFO] ServerAccessManage:473 - Download File updaters.zip
2025-04-12 11:21:04,475 [INFO] FileExtend:240 - Unzip File : updaters.zip
2025-04-12 11:21:04,477 [INFO] FileExtend:255 - Standard Zip Deflate
2025-04-12 11:21:04,978 [WARN] MainUpdater:1194 - Updater busy. Cannot search thirdparties
2025-04-12 11:21:04,978 [INFO] ThirdPartyUpdaterWithRetryManager:96 - Updater plugin is busy. [1/15]
2025-04-12 11:21:05,014 [INFO] ServerAccessManage:473 - Download File PacksControlFlags.xml
2025-04-12 11:21:05,117 [INFO] ServerAccessManage:473 - Download File cubemx.pidx
2025-04-12 11:21:05,285 [INFO] ServerAccessManage:473 - Download File STMicroelectronics.FP-ATR-ASTRA1.pdsc
2025-04-12 11:21:05,375 [INFO] ServerAccessManage:473 - Download File STMicroelectronics.FP-ATR-SIGFOX1.pdsc
2025-04-12 11:21:05,415 [INFO] ServerAccessManage:473 - Download File STMicroelectronics.FP-SNS-STBOX1.pdsc
2025-04-12 11:21:05,459 [INFO] ServerAccessManage:473 - Download File STMicroelectronics.FP-SNS-FLIGHT1.pdsc
2025-04-12 11:21:05,533 [INFO] ServerAccessManage:473 - Download File STMicroelectronics.FP-SNS-MOTENV1.pdsc
2025-04-12 11:21:05,627 [INFO] ServerAccessManage:473 - Download File STMicroelectronics.FP-SNS-MOTENVWB1.pdsc
2025-04-12 11:21:05,680 [INFO] ServerAccessManage:473 - Download File STMicroelectronics.FP-SNS-SMARTAG2.pdsc
2025-04-12 11:21:05,722 [INFO] ServerAccessManage:473 - Download File STMicroelectronics.X-CUBE-AI.pdsc
2025-04-12 11:21:06,025 [INFO] ServerAccessManage:473 - Download File STMicroelectronics.X-CUBE-ALS.pdsc
2025-04-12 11:21:06,104 [INFO] ServerAccessManage:473 - Download File STMicroelectronics.X-CUBE-BLE1.pdsc
2025-04-12 11:21:06,978 [ERROR] ServerAccessManage:1089 - Problem, file not found on Server
2025-04-12 11:21:06,989 [INFO] ServerAccessManage:473 - Download File STMicroelectronics.X-CUBE-BLE2.pdsc
2025-04-12 11:21:07,091 [INFO] ServerAccessManage:473 - Download File STMicroelectronics.X-CUBE-BLEMGR.pdsc
2025-04-12 11:21:07,730 [ERROR] ServerAccessManage:1089 - Problem, file not found on Server
2025-04-12 11:21:07,816 [INFO] ServerAccessManage:473 - Download File STMicroelectronics.X-CUBE-DISPLAY.pdsc
2025-04-12 11:21:07,913 [INFO] ServerAccessManage:473 - Download File STMicroelectronics.X-CUBE-DPOWER.pdsc
2025-04-12 11:21:07,980 [WARN] MainUpdater:1194 - Updater busy. Cannot search thirdparties
2025-04-12 11:21:07,983 [INFO] ThirdPartyUpdaterWithRetryManager:96 - Updater plugin is busy. [2/15]
2025-04-12 11:21:08,136 [INFO] WebApp:167 - Instantiating new browser for Auth
2025-04-12 11:21:08,601 [ERROR] ServerAccessManage:1089 - Problem, file not found on Server
2025-04-12 11:21:08,623 [INFO] WebApp:448 - Apply proxy settings
2025-04-12 11:21:08,624 [INFO] WebApp:533 - Chromium requires no authentication
2025-04-12 11:21:08,631 [INFO] WebApp:476 - Direct internet connection detected
2025-04-12 11:21:08,649 [INFO] WebApp:869 - Register for checkConnection events
2025-04-12 11:21:08,650 [INFO] WebApp:448 - Apply proxy settings
2025-04-12 11:21:08,650 [INFO] WebApp:533 - Chromium requires no authentication
2025-04-12 11:21:08,651 [INFO] WebApp:476 - Direct internet connection detected
2025-04-12 11:21:08,754 [INFO] WebApp:220 - Starting web application
2025-04-12 11:21:08,755 [INFO] WebApp:578 - Web application path used C:\Progs\STM32CubeIDE_1.16.1\STM32CubeIDE\plugins\com.st.stm32cube.common.mx_6.12.1.202409122256\db\plugins\mcufinder\reactClient1\index.html
2025-04-12 11:21:09,204 [ERROR] ServerAccessManage:1089 - Problem, file not found on Server
2025-04-12 11:21:09,210 [INFO] WebApp:186 - Connection restablished
2025-04-12 11:21:09,437 [ERROR] ServerAccessManage:1089 - Problem, file not found on Server
2025-04-12 11:21:10,018 [ERROR] ServerAccessManage:1089 - Problem, file not found on Server
2025-04-12 11:21:10,641 [ERROR] ServerAccessManage:1089 - Problem, file not found on Server
2025-04-12 11:21:11,002 [WARN] MainUpdater:1194 - Updater busy. Cannot search thirdparties
2025-04-12 11:21:11,003 [INFO] ThirdPartyUpdaterWithRetryManager:96 - Updater plugin is busy. [3/15]
2025-04-12 11:21:11,238 [ERROR] ServerAccessManage:1089 - Problem, file not found on Server
2025-04-12 11:21:11,465 [ERROR] ServerAccessManage:1089 - Problem, file not found on Server
2025-04-12 11:21:12,074 [ERROR] ServerAccessManage:1089 - Problem, file not found on Server
2025-04-12 11:21:12,684 [ERROR] ServerAccessManage:1089 - Problem, file not found on Server
2025-04-12 11:21:13,297 [ERROR] ServerAccessManage:1089 - Problem, file not found on Server
2025-04-12 11:21:13,898 [ERROR] ServerAccessManage:1089 - Problem, file not found on Server
2025-04-12 11:21:13,912 [INFO] ServerAccessManage:473 - Download File STMicroelectronics.X-CUBE-EEPRMA1.pdsc
2025-04-12 11:21:14,005 [WARN] MainUpdater:1194 - Updater busy. Cannot search thirdparties
2025-04-12 11:21:14,007 [INFO] ThirdPartyUpdaterWithRetryManager:96 - Updater plugin is busy. [4/15]
2025-04-12 11:21:14,533 [ERROR] ServerAccessManage:1089 - Problem, file not found on Server
2025-04-12 11:21:15,144 [ERROR] ServerAccessManage:1089 - Problem, file not found on Server
2025-04-12 11:21:15,200 [INFO] ServerAccessManage:473 - Download File STMicroelectronics.X-CUBE-FREERTOS.pdsc
2025-04-12 11:21:15,292 [INFO] ServerAccessManage:473 - Download File STMicroelectronics.X-CUBE-GNSS1.pdsc
2025-04-12 11:21:16,005 [ERROR] ServerAccessManage:1089 - Problem, file not found on Server
2025-04-12 11:21:16,603 [ERROR] ServerAccessManage:1089 - Problem, file not found on Server
2025-04-12 11:21:17,009 [WARN] MainUpdater:1194 - Updater busy. Cannot search thirdparties
2025-04-12 11:21:17,010 [INFO] ThirdPartyUpdaterWithRetryManager:96 - Updater plugin is busy. [5/15]
2025-04-12 11:21:17,216 [ERROR] ServerAccessManage:1089 - Problem, file not found on Server
2025-04-12 11:21:17,826 [ERROR] ServerAccessManage:1089 - Problem, file not found on Server
2025-04-12 11:21:18,450 [ERROR] ServerAccessManage:1089 - Problem, file not found on Server
2025-04-12 11:21:19,052 [ERROR] ServerAccessManage:1089 - Problem, file not found on Server
2025-04-12 11:21:19,082 [INFO] ServerAccessManage:473 - Download File STMicroelectronics.X-CUBE-ISPU.pdsc
2025-04-12 11:21:19,158 [INFO] ServerAccessManage:473 - Download File STMicroelectronics.X-CUBE-IPS.pdsc
2025-04-12 11:21:19,211 [INFO] ServerAccessManage:473 - Download File STMicroelectronics.X-CUBE-MEMS1.pdsc
2025-04-12 11:21:19,494 [INFO] ServerAccessManage:473 - Download File STMicroelectronics.X-CUBE-NFC4.pdsc
2025-04-12 11:21:19,633 [INFO] ServerAccessManage:473 - Download File STMicroelectronics.X-CUBE-NFC6.pdsc
2025-04-12 11:21:19,685 [INFO] ServerAccessManage:473 - Download File STMicroelectronics.X-CUBE-NFC7.pdsc
2025-04-12 11:21:20,012 [WARN] MainUpdater:1194 - Updater busy. Cannot search thirdparties
2025-04-12 11:21:20,012 [INFO] ServerAccessManage:473 - Download File STMicroelectronics.X-CUBE-NFC9.pdsc
2025-04-12 11:21:20,013 [INFO] ThirdPartyUpdaterWithRetryManager:96 - Updater plugin is busy. [6/15]
2025-04-12 11:21:20,689 [INFO] ServerAccessManage:473 - Download File STMicroelectronics.X-CUBE-NFC10.pdsc
2025-04-12 11:21:21,352 [INFO] ServerAccessManage:473 - Download File STMicroelectronics.X-CUBE-SFXS2LP1.pdsc
2025-04-12 11:21:23,014 [WARN] MainUpdater:1194 - Updater busy. Cannot search thirdparties
2025-04-12 11:21:23,015 [INFO] ThirdPartyUpdaterWithRetryManager:96 - Updater plugin is busy. [7/15]
2025-04-12 11:21:24,036 [INFO] ServerAccessManage:473 - Download File STMicroelectronics.X-CUBE-SAFEA1.pdsc
2025-04-12 11:21:24,734 [INFO] ServerAccessManage:473 - Download File STMicroelectronics.X-CUBE-SUBG2.pdsc
2025-04-12 11:21:26,017 [WARN] MainUpdater:1194 - Updater busy. Cannot search thirdparties
2025-04-12 11:21:26,018 [INFO] ThirdPartyUpdaterWithRetryManager:96 - Updater plugin is busy. [8/15]
2025-04-12 11:21:29,024 [WARN] MainUpdater:1194 - Updater busy. Cannot search thirdparties
2025-04-12 11:21:29,024 [INFO] ThirdPartyUpdaterWithRetryManager:96 - Updater plugin is busy. [9/15]
2025-04-12 11:21:30,560 [INFO] ServerAccessManage:473 - Download File STMicroelectronics.X-CUBE-SMBUS.pdsc
2025-04-12 11:21:31,768 [ERROR] ServerAccessManage:1089 - Problem, file not found on Server
2025-04-12 11:21:32,025 [WARN] MainUpdater:1194 - Updater busy. Cannot search thirdparties
2025-04-12 11:21:32,026 [INFO] ThirdPartyUpdaterWithRetryManager:96 - Updater plugin is busy. [10/15]
2025-04-12 11:21:32,381 [INFO] ServerAccessManage:473 - Download File STMicroelectronics.X-CUBE-TCPP.pdsc
2025-04-12 11:21:33,714 [INFO] ServerAccessManage:473 - Download File STMicroelectronics.X-CUBE-TOF1.pdsc
2025-04-12 11:21:35,028 [WARN] MainUpdater:1194 - Updater busy. Cannot search thirdparties
2025-04-12 11:21:35,029 [INFO] ThirdPartyUpdaterWithRetryManager:96 - Updater plugin is busy. [11/15]
2025-04-12 11:21:38,031 [WARN] MainUpdater:1194 - Updater busy. Cannot search thirdparties
2025-04-12 11:21:38,032 [INFO] ThirdPartyUpdaterWithRetryManager:96 - Updater plugin is busy. [12/15]
2025-04-12 11:21:40,098 [ERROR] ServerAccessManage:1089 - Problem, file not found on Server
2025-04-12 11:21:40,746 [INFO] ServerAccessManage:473 - Download File STMicroelectronics.X-CUBE-TOUCHGFX.pdsc
2025-04-12 11:21:41,036 [WARN] MainUpdater:1194 - Updater busy. Cannot search thirdparties
2025-04-12 11:21:41,037 [INFO] ThirdPartyUpdaterWithRetryManager:96 - Updater plugin is busy. [13/15]
2025-04-12 11:21:44,042 [WARN] MainUpdater:1194 - Updater busy. Cannot search thirdparties
2025-04-12 11:21:44,042 [INFO] ThirdPartyUpdaterWithRetryManager:96 - Updater plugin is busy. [14/15]
2025-04-12 11:21:47,047 [WARN] MainUpdater:1194 - Updater busy. Cannot search thirdparties
2025-04-12 11:21:47,048 [INFO] ThirdPartyUpdaterWithRetryManager:96 - Updater plugin is busy. [15/15]
2025-04-12 11:21:47,049 [ERROR] IntegrityCheckThread:130 - Cannot retrieve database content from updater: error -1
2025-04-12 11:21:47,050 [INFO] ThirdParty:978 - Integrity check success = false
2025-04-12 11:21:47,051 [INFO] IntegrityCheckThread:100 - exiting critical section [integrity check]
2025-04-12 11:21:47,052 [INFO] IntegrityCheckThread:103 - End integrity checks thread
2025-04-12 11:21:56,611 [INFO] ServerAccessManage:473 - Download File STMicroelectronics.X-CUBE-ALGOBUILD.pdsc
2025-04-12 11:22:00,387 [INFO] ServerAccessManage:473 - Download File STMicroelectronics.X-CUBE-AZRTOS-H7.pdsc
2025-04-12 11:22:05,094 [INFO] ServerAccessManage:473 - Download File STMicroelectronics.X-CUBE-AZRTOS-H7RS.pdsc
2025-04-12 11:22:05,205 [INFO] ServerAccessManage:473 - Download File STMicroelectronics.X-CUBE-AZRTOS-F4.pdsc
2025-04-12 11:22:06,524 [INFO] ServerAccessManage:473 - Download File STMicroelectronics.X-CUBE-AZRTOS-F7.pdsc
2025-04-12 11:22:07,484 [INFO] ServerAccessManage:473 - Download File STMicroelectronics.X-CUBE-AZRTOS-L4.pdsc
2025-04-12 11:22:09,367 [INFO] ServerAccessManage:473 - Download File STMicroelectronics.X-CUBE-AZRTOS-L5.pdsc
2025-04-12 11:22:11,835 [INFO] ServerAccessManage:473 - Download File STMicroelectronics.X-CUBE-AZRTOS-G0.pdsc
2025-04-12 11:22:13,683 [INFO] ServerAccessManage:473 - Download File STMicroelectronics.X-CUBE-AZRTOS-G4.pdsc
2025-04-12 11:22:15,552 [INFO] ServerAccessManage:473 - Download File STMicroelectronics.X-CUBE-AZRTOS-WB.pdsc
2025-04-12 11:22:17,465 [INFO] ServerAccessManage:473 - Download File STMicroelectronics.X-CUBE-AZRTOS-WL.pdsc
2025-04-12 11:22:19,283 [INFO] ServerAccessManage:473 - Download File STMicroelectronics.X-CUBE-WB05N.pdsc
2025-04-12 11:22:21,031 [INFO] ServerAccessManage:473 - Download File wolfSSL.I-CUBE-wolfSSL.pdsc
2025-04-12 11:22:26,649 [ERROR] ServerAccessManage:1089 - Problem, file not found on Server
2025-04-12 11:22:27,114 [ERROR] ServerAccessManage:1089 - Problem, file not found on Server
2025-04-12 11:22:27,581 [ERROR] ServerAccessManage:1089 - Problem, file not found on Server
2025-04-12 11:22:27,817 [INFO] ServerAccessManage:473 - Download File wolfSSL.I-CUBE-wolfMQTT.pdsc
2025-04-12 11:22:29,240 [ERROR] ServerAccessManage:1089 - Problem, file not found on Server
2025-04-12 11:22:29,474 [INFO] ServerAccessManage:473 - Download File wolfSSL.I-CUBE-wolfTPM.pdsc
2025-04-12 11:22:31,176 [INFO] ServerAccessManage:473 - Download File wolfSSL.I-CUBE-wolfSSH.pdsc
2025-04-12 11:22:33,612 [INFO] ServerAccessManage:473 - Download File RealThread.X-CUBE-RT-Thread_Nano.pdsc
2025-04-12 11:22:36,706 [INFO] ServerAccessManage:473 - Download File SEGGER.I-CUBE-embOS.pdsc
2025-04-12 11:22:38,744 [INFO] ServerAccessManage:473 - Download File portGmbH.I-Cube-SoM-uGOAL.pdsc
2025-04-12 11:22:40,450 [ERROR] ServerAccessManage:1089 - Problem, file not found on Server
2025-04-12 11:22:40,623 [ERROR] ServerAccessManage:1089 - Problem, file not found on Server
2025-04-12 11:22:40,794 [ERROR] ServerAccessManage:1089 - Problem, file not found on Server
2025-04-12 11:22:41,665 [INFO] ServerAccessManage:473 - Download File emotas.I-CUBE-CANOPEN.pdsc
2025-04-12 11:22:43,531 [INFO] ServerAccessManage:473 - Download File WES.I-CUBE-Cesium.pdsc
2025-04-12 11:22:44,482 [ERROR] ServerAccessManage:1089 - Problem, file not found on Server
2025-04-12 11:22:44,863 [ERROR] ServerAccessManage:1089 - Problem, file not found on Server
2025-04-12 11:22:45,880 [INFO] ServerAccessManage:473 - Download File ITTIA_DB.I-CUBE-ITTIADB.pdsc
2025-04-12 11:22:51,692 [INFO] ServerAccessManage:473 - Download File Infineon.AIROC-Wi-Fi-Bluetooth-STM32.pdsc
2025-04-12 11:22:58,569 [INFO] ServerAccessManage:473 - Download File Cesanta.I-CUBE-Mongoose.pdsc
2025-04-12 11:23:01,616 [INFO] ServerAccessManage:473 - Download File EmbeddedOffice.I-CUBE-FS-RTOS.pdsc
2025-04-12 11:23:02,957 [INFO] ServerAccessManage:473 - Download File quantropi.X-CUBE-qispace-sdk-base.pdsc
2025-04-12 11:23:03,462 [INFO] ServerAccessManage:473 - Download File Avnet-IotConnect.X-CUBE-IoTC-DA16k-PMOD.pdsc
2025-04-12 11:23:03,553 [WARN] PackLoader:240 - Cannot read IP mode file for STMicroelectronics.FP-ATR-ASTRA1.2.0.2
2025-04-12 11:23:03,554 [WARN] CheckServerUpdateThread:151 - Open CheckUpdateFile Fail
2025-04-12 11:23:03,558 [WARN] PackLoader:240 - Cannot read IP mode file for STMicroelectronics.FP-ATR-SIGFOX1.3.2.0
2025-04-12 11:23:03,565 [WARN] PackLoader:240 - Cannot read IP mode file for STMicroelectronics.FP-SNS-STBOX1.2.0.0
2025-04-12 11:23:03,570 [WARN] PopulateThirdPartyThread:106 - Error when creating pack: C:/Users/25964917/.stm32cubemx/thirdparties/pdsc/STMicroelectronics.FP-SNS-FLIGHT1.pdsc
2025-04-12 11:23:03,575 [WARN] PackLoader:240 - Cannot read IP mode file for STMicroelectronics.FP-SNS-MOTENV1.5.0.0
2025-04-12 11:23:03,579 [WARN] PackLoader:240 - Cannot read IP mode file for STMicroelectronics.FP-SNS-MOTENVWB1.1.4.0
2025-04-12 11:23:03,583 [WARN] PackLoader:240 - Cannot read IP mode file for STMicroelectronics.FP-SNS-SMARTAG2.1.2.0
2025-04-12 11:23:03,586 [WARN] PackLoader:240 - Cannot read IP mode file for STMicroelectronics.X-CUBE-AI.10.0.0
2025-04-12 11:23:03,589 [WARN] PackLoader:240 - Cannot read IP mode file for STMicroelectronics.X-CUBE-ALS.1.0.2
2025-04-12 11:23:03,593 [WARN] PackLoader:240 - Cannot read IP mode file for STMicroelectronics.X-CUBE-BLE1.7.1.0
2025-04-12 11:23:03,597 [WARN] PackLoader:240 - Cannot read IP mode file for STMicroelectronics.X-CUBE-BLE2.3.3.0
2025-04-12 11:23:03,604 [WARN] PackLoader:240 - Cannot read IP mode file for STMicroelectronics.X-CUBE-BLEMGR.4.0.0
2025-04-12 11:23:03,616 [WARN] PackLoader:240 - Cannot read IP mode file for STMicroelectronics.X-CUBE-DISPLAY.3.0.0
2025-04-12 11:23:03,625 [WARN] PackLoader:240 - Cannot read IP mode file for STMicroelectronics.X-CUBE-DPower.1.3.0
2025-04-12 11:23:03,629 [WARN] PackLoader:240 - Cannot read IP mode file for STMicroelectronics.X-CUBE-EEPRMA1.5.1.0
2025-04-12 11:23:03,632 [WARN] PackLoader:240 - Cannot read IP mode file for STMicroelectronics.X-CUBE-FREERTOS.1.3.0
2025-04-12 11:23:03,636 [WARN] PackLoader:240 - Cannot read IP mode file for STMicroelectronics.X-CUBE-GNSS1.7.0.1
2025-04-12 11:23:03,639 [WARN] PackLoader:240 - Cannot read IP mode file for STMicroelectronics.X-CUBE-ISPU.2.1.0
2025-04-12 11:23:03,642 [WARN] PopulateThirdPartyThread:106 - Error when creating pack: C:/Users/25964917/.stm32cubemx/thirdparties/pdsc/STMicroelectronics.X-CUBE-IPS.pdsc
2025-04-12 11:23:03,669 [WARN] PackLoader:240 - Cannot read IP mode file for STMicroelectronics.X-CUBE-MEMS1.11.1.0
2025-04-12 11:23:03,672 [INFO] CheckServerUpdateThread:120 - End of CheckServer Thread
2025-04-12 11:23:03,766 [WARN] PackLoader:240 - Cannot read IP mode file for STMicroelectronics.X-CUBE-NFC4.3.0.0
2025-04-12 11:23:03,774 [WARN] PackLoader:240 - Cannot read IP mode file for STMicroelectronics.X-CUBE-NFC6.3.1.0
2025-04-12 11:23:03,780 [WARN] PackLoader:240 - Cannot read IP mode file for STMicroelectronics.X-CUBE-NFC7.1.0.1
2025-04-12 11:23:03,786 [WARN] PackLoader:240 - Cannot read IP mode file for STMicroelectronics.X-CUBE-NFC9.1.0.0
2025-04-12 11:23:03,792 [WARN] PackLoader:240 - Cannot read IP mode file for STMicroelectronics.X-CUBE-NFC10.1.0.0
2025-04-12 11:23:03,806 [WARN] PackLoader:240 - Cannot read IP mode file for STMicroelectronics.X-CUBE-SFXS2LP1.4.0.0
2025-04-12 11:23:03,814 [WARN] PackLoader:240 - Cannot read IP mode file for STMicroelectronics.X-CUBE-SAFEA1.1.2.2
2025-04-12 11:23:03,823 [WARN] PackLoader:240 - Cannot read IP mode file for STMicroelectronics.X-CUBE-SUBG2.5.0.0
2025-04-12 11:23:03,830 [WARN] PackLoader:240 - Cannot read IP mode file for STMicroelectronics.X-CUBE-SMBUS.2.1.0
2025-04-12 11:23:03,834 [WARN] PopulateThirdPartyThread:106 - Error when creating pack: C:/Users/25964917/.stm32cubemx/thirdparties/pdsc/STMicroelectronics.X-CUBE-TCPP.pdsc
2025-04-12 11:23:03,842 [WARN] PackLoader:240 - Cannot read IP mode file for STMicroelectronics.X-CUBE-TOF1.3.4.2
2025-04-12 11:23:03,854 [WARN] PackLoader:240 - Cannot read IP mode file for STMicroelectronics.X-CUBE-TOUCHGFX.4.25.0
2025-04-12 11:23:03,860 [WARN] PackLoader:240 - Cannot read IP mode file for STMicroelectronics.X-CUBE-ALGOBUILD.1.4.0
2025-04-12 11:23:03,875 [WARN] PackLoader:240 - Cannot read IP mode file for STMicroelectronics.X-CUBE-AZRTOS-H7.3.3.0
2025-04-12 11:23:03,902 [WARN] PackLoader:240 - Cannot read IP mode file for STMicroelectronics.X-CUBE-AZRTOS-H7RS.1.1.0
2025-04-12 11:23:03,913 [WARN] PackLoader:240 - Cannot read IP mode file for STMicroelectronics.X-CUBE-AZRTOS-F4.1.1.0
2025-04-12 11:23:03,923 [WARN] PackLoader:240 - Cannot read IP mode file for STMicroelectronics.X-CUBE-AZRTOS-F7.1.1.0
2025-04-12 11:23:03,937 [WARN] ConditionMgr:438 - getConditionDescription Invalid condition id : LAN8742 Phy interface Condition cause : null
2025-04-12 11:23:03,938 [WARN] PackLoader:240 - Cannot read IP mode file for STMicroelectronics.X-CUBE-AZRTOS-L4.2.0.0
2025-04-12 11:23:03,939 [WARN] ConditionMgr:1039 - genDependencies : Invalid condition id : LAN8742 Phy interface Condition cause : null
2025-04-12 11:23:03,940 [WARN] ConditionMgr:1039 - genDependencies : Invalid condition id : LAN8742 Phy interface Condition cause : null
2025-04-12 11:23:03,942 [WARN] ConditionMgr:1039 - genDependencies : Invalid condition id : LAN8742 Phy interface Condition cause : null
2025-04-12 11:23:03,952 [WARN] PackLoader:240 - Cannot read IP mode file for STMicroelectronics.X-CUBE-AZRTOS-L5.2.0.0
2025-04-12 11:23:03,963 [WARN] PackLoader:240 - Cannot read IP mode file for STMicroelectronics.X-CUBE-AZRTOS-G0.1.1.0
2025-04-12 11:23:03,973 [WARN] PackLoader:240 - Cannot read IP mode file for STMicroelectronics.X-CUBE-AZRTOS-G4.2.0.0
2025-04-12 11:23:03,987 [WARN] ConditionMgr:438 - getConditionDescription Invalid condition id : UX DEVICE CLASS RTOS Condition cause : null
2025-04-12 11:23:03,988 [WARN] ConditionMgr:438 - getConditionDescription Invalid condition id : UX DEVICE CLASS RTOS Condition cause : null
2025-04-12 11:23:03,989 [WARN] PackLoader:240 - Cannot read IP mode file for STMicroelectronics.X-CUBE-AZRTOS-WB.2.0.0
2025-04-12 11:23:03,990 [WARN] ConditionMgr:1039 - genDependencies : Invalid condition id : UX DEVICE CLASS RTOS Condition cause : null
2025-04-12 11:23:03,991 [WARN] ConditionMgr:1039 - genDependencies : Invalid condition id : UX DEVICE CLASS RTOS Condition cause : null
2025-04-12 11:23:03,992 [WARN] ConditionMgr:1039 - genDependencies : Invalid condition id : UX DEVICE CLASS RTOS Condition cause : null
2025-04-12 11:23:03,994 [WARN] ConditionMgr:1039 - genDependencies : Invalid condition id : UX DEVICE CLASS RTOS Condition cause : null
2025-04-12 11:23:03,995 [WARN] ConditionMgr:1039 - genDependencies : Invalid condition id : UX DEVICE CLASS RTOS Condition cause : null
2025-04-12 11:23:04,010 [INFO] LogOutputStream:77 - [STDOUT_REDIRECT] 1 : Invalid condition id : UX_CORESTACK_Condition cause : null
2025-04-12 11:23:04,012 [INFO] LogOutputStream:77 - [STDOUT_REDIRECT] 1 : Invalid condition id : UX_CORESTACK_Condition cause : null
2025-04-12 11:23:04,015 [INFO] LogOutputStream:77 - [STDOUT_REDIRECT] 1 : Invalid condition id : UX_CORESTACK_Condition cause : null
2025-04-12 11:23:04,017 [INFO] LogOutputStream:77 - [STDOUT_REDIRECT] 1 : Invalid condition id : UX_CORESTACK_Condition cause : null
2025-04-12 11:23:04,020 [INFO] LogOutputStream:77 - [STDOUT_REDIRECT] 1 : Invalid condition id : UX_CORESTACK_Condition cause : null
2025-04-12 11:23:04,023 [WARN] PackLoader:240 - Cannot read IP mode file for STMicroelectronics.X-CUBE-AZRTOS-WL.2.0.0
2025-04-12 11:23:04,028 [WARN] PackLoader:240 - Cannot read IP mode file for STMicroelectronics.X-CUBE-WB05N.1.1.0
2025-04-12 11:23:04,033 [WARN] PackLoader:240 - Cannot read IP mode file for wolfSSL.I-CUBE-wolfSSL.5.7.6
2025-04-12 11:23:04,036 [WARN] PackLoader:240 - Cannot read IP mode file for wolfSSL.I-CUBE-wolfMQTT.1.19.2
2025-04-12 11:23:04,039 [WARN] PackLoader:240 - Cannot read IP mode file for wolfSSL.I-CUBE-wolfTPM.3.8.0
2025-04-12 11:23:04,043 [WARN] PackLoader:240 - Cannot read IP mode file for wolfSSL.I-CUBE-wolfSSH.1.4.20
2025-04-12 11:23:04,050 [WARN] PackLoader:240 - Cannot read IP mode file for RealThread.X-CUBE-RT-Thread_Nano.4.1.1
2025-04-12 11:23:04,064 [WARN] PackLoader:240 - Cannot read IP mode file for SEGGER.I-CUBE-embOS.1.3.1
2025-04-12 11:23:04,086 [WARN] PackLoader:240 - Cannot read IP mode file for portGmbH.I-Cube-SoM-uGOAL.1.1.0
2025-04-12 11:23:04,090 [WARN] PackLoader:240 - Cannot read IP mode file for emotas.I-CUBE-CANOPEN.1.3.0
2025-04-12 11:23:04,100 [WARN] PackLoader:240 - Cannot read IP mode file for WES.I-CUBE-Cesium.1.3.0
2025-04-12 11:23:04,104 [WARN] PackLoader:240 - Cannot read IP mode file for ITTIA_DB.I-CUBE-ITTIADB.8.9.0
2025-04-12 11:23:04,114 [WARN] PackLoader:240 - Cannot read IP mode file for Infineon.AIROC-Wi-Fi-Bluetooth-STM32.1.7.0
2025-04-12 11:23:04,120 [WARN] PackLoader:240 - Cannot read IP mode file for Cesanta.I-CUBE-Mongoose.7.13.0
2025-04-12 11:23:04,127 [WARN] PackLoader:240 - Cannot read IP mode file for EmbeddedOffice.I-CUBE-FS-RTOS.1.0.1
2025-04-12 11:23:04,129 [ERROR] ConditionMgr:805 - Attr not supported : Dmpu
2025-04-12 11:23:04,131 [ERROR] ConditionMgr:805 - Attr not supported : Dmpu
2025-04-12 11:23:04,132 [ERROR] ConditionMgr:805 - Attr not supported : Dmpu
2025-04-12 11:23:04,133 [ERROR] ConditionMgr:805 - Attr not supported : Dmpu
2025-04-12 11:23:04,133 [ERROR] ConditionMgr:805 - Attr not supported : Dmpu
2025-04-12 11:23:04,134 [ERROR] ConditionMgr:805 - Attr not supported : Dmpu
2025-04-12 11:23:04,135 [ERROR] ConditionMgr:805 - Attr not supported : Dmpu
2025-04-12 11:23:04,136 [ERROR] ConditionMgr:805 - Attr not supported : Dmpu
2025-04-12 11:23:04,137 [ERROR] ConditionMgr:805 - Attr not supported : Dmpu
2025-04-12 11:23:04,137 [ERROR] ConditionMgr:805 - Attr not supported : Dmpu
2025-04-12 11:23:04,139 [ERROR] ConditionMgr:805 - Attr not supported : Dmpu
2025-04-12 11:23:04,140 [ERROR] ConditionMgr:805 - Attr not supported : Dmpu
2025-04-12 11:23:04,141 [ERROR] ConditionMgr:805 - Attr not supported : Dmpu
2025-04-12 11:23:04,143 [ERROR] ConditionMgr:805 - Attr not supported : Dmpu
2025-04-12 11:23:04,143 [ERROR] ConditionMgr:805 - Attr not supported : Dmpu
2025-04-12 11:23:04,144 [ERROR] ConditionMgr:805 - Attr not supported : Dmpu
2025-04-12 11:23:04,144 [ERROR] ConditionMgr:805 - Attr not supported : Dmpu
2025-04-12 11:23:04,145 [ERROR] ConditionMgr:805 - Attr not supported : Dmpu
2025-04-12 11:23:04,146 [ERROR] ConditionMgr:805 - Attr not supported : Dmpu
2025-04-12 11:23:04,148 [ERROR] ConditionMgr:805 - Attr not supported : Dmpu
2025-04-12 11:23:04,149 [ERROR] ConditionMgr:805 - Attr not supported : Dmpu
2025-04-12 11:23:04,149 [ERROR] ConditionMgr:805 - Attr not supported : Dmpu
2025-04-12 11:23:04,150 [ERROR] ConditionMgr:805 - Attr not supported : Dmpu
2025-04-12 11:23:04,151 [ERROR] ConditionMgr:805 - Attr not supported : Dmpu
2025-04-12 11:23:04,151 [ERROR] ConditionMgr:805 - Attr not supported : Dmpu
2025-04-12 11:23:04,152 [ERROR] ConditionMgr:805 - Attr not supported : Dmpu
2025-04-12 11:23:04,152 [ERROR] ConditionMgr:805 - Attr not supported : Dmpu
2025-04-12 11:23:04,153 [ERROR] ConditionMgr:805 - Attr not supported : Dmpu
2025-04-12 11:23:04,154 [ERROR] ConditionMgr:805 - Attr not supported : Dmpu
2025-04-12 11:23:04,155 [ERROR] ConditionMgr:805 - Attr not supported : Dmpu
2025-04-12 11:23:04,155 [ERROR] ConditionMgr:805 - Attr not supported : Dmpu
2025-04-12 11:23:04,157 [ERROR] ConditionMgr:805 - Attr not supported : Dmpu
2025-04-12 11:23:04,158 [ERROR] ConditionMgr:805 - Attr not supported : Dmpu
2025-04-12 11:23:04,158 [ERROR] ConditionMgr:805 - Attr not supported : Dmpu
2025-04-12 11:23:04,160 [ERROR] ConditionMgr:805 - Attr not supported : Dmpu
2025-04-12 11:23:04,162 [ERROR] ConditionMgr:805 - Attr not supported : Dmpu
2025-04-12 11:23:04,163 [ERROR] ConditionMgr:805 - Attr not supported : Dmpu
2025-04-12 11:23:04,163 [ERROR] ConditionMgr:805 - Attr not supported : Dmpu
2025-04-12 11:23:04,164 [ERROR] ConditionMgr:805 - Attr not supported : Dmpu
2025-04-12 11:23:04,165 [ERROR] ConditionMgr:805 - Attr not supported : Dmpu
2025-04-12 11:23:04,165 [ERROR] ConditionMgr:805 - Attr not supported : Dmpu
2025-04-12 11:23:04,167 [ERROR] ConditionMgr:805 - Attr not supported : Dmpu
2025-04-12 11:23:04,168 [ERROR] ConditionMgr:805 - Attr not supported : Dmpu
2025-04-12 11:23:04,169 [ERROR] ConditionMgr:805 - Attr not supported : Dmpu
2025-04-12 11:23:04,170 [ERROR] ConditionMgr:805 - Attr not supported : Dmpu
2025-04-12 11:23:04,172 [ERROR] ConditionMgr:805 - Attr not supported : Dmpu
2025-04-12 11:23:04,173 [ERROR] ConditionMgr:805 - Attr not supported : Dmpu
2025-04-12 11:23:04,173 [ERROR] ConditionMgr:805 - Attr not supported : Dmpu
2025-04-12 11:23:04,174 [ERROR] ConditionMgr:805 - Attr not supported : Dmpu
2025-04-12 11:23:04,175 [ERROR] ConditionMgr:805 - Attr not supported : Dmpu
2025-04-12 11:23:04,176 [ERROR] ConditionMgr:805 - Attr not supported : Dmpu
2025-04-12 11:23:04,176 [ERROR] ConditionMgr:805 - Attr not supported : Dmpu
2025-04-12 11:23:04,177 [ERROR] ConditionMgr:805 - Attr not supported : Dmpu
2025-04-12 11:23:04,177 [ERROR] ConditionMgr:805 - Attr not supported : Dmpu
2025-04-12 11:23:04,178 [ERROR] ConditionMgr:805 - Attr not supported : Dmpu
2025-04-12 11:23:04,178 [ERROR] ConditionMgr:805 - Attr not supported : Dmpu
2025-04-12 11:23:04,179 [ERROR] ConditionMgr:805 - Attr not supported : Dmpu
2025-04-12 11:23:04,180 [ERROR] ConditionMgr:805 - Attr not supported : Dmpu
2025-04-12 11:23:04,180 [ERROR] ConditionMgr:805 - Attr not supported : Dmpu
2025-04-12 11:23:04,181 [ERROR] ConditionMgr:805 - Attr not supported : Dmpu
2025-04-12 11:23:04,181 [ERROR] ConditionMgr:805 - Attr not supported : Dmpu
2025-04-12 11:23:04,182 [ERROR] ConditionMgr:805 - Attr not supported : Dmpu
2025-04-12 11:23:04,183 [ERROR] ConditionMgr:805 - Attr not supported : Dmpu
2025-04-12 11:23:04,183 [ERROR] ConditionMgr:805 - Attr not supported : Dmpu
2025-04-12 11:23:04,186 [WARN] ConditionMgr:438 - getConditionDescription Invalid condition id : Cortex-A Device cause : null
2025-04-12 11:23:04,200 [WARN] ConditionMgr:1039 - genDependencies : Invalid condition id : Cortex-A Device cause : null
2025-04-12 11:23:04,201 [WARN] ConditionMgr:1039 - genDependencies : Invalid condition id : Cortex-A Device cause : null
2025-04-12 11:23:04,201 [WARN] ConditionMgr:1039 - genDependencies : Invalid condition id : Cortex-A Device cause : null
2025-04-12 11:23:04,203 [WARN] PopulateThirdPartyThread:106 - Error when creating pack: C:/Users/25964917/.stm32cubemx/thirdparties/pdsc/Avnet-IotConnect.X-CUBE-IoTC-DA16k-PMOD.pdsc
2025-04-12 11:23:04,205 [INFO] PopulateThirdPartyThread:66 - Ending populate Thread
2025-04-12 11:23:04,208 [INFO] ThirdParty:1030 - CMSIS Pack Vendor :STMicroelectronics X-CUBE-AZRTOS-H7 3.3.0
2025-04-12 11:23:04,209 [INFO] ThirdParty:1030 - CMSIS Pack Vendor :STMicroelectronics X-CUBE-NFC9 1.0.0
2025-04-12 11:23:04,210 [INFO] ThirdParty:1030 - CMSIS Pack Vendor :STMicroelectronics FP-SNS-MOTENVWB1 1.4.0
2025-04-12 11:23:04,212 [INFO] ThirdParty:1030 - CMSIS Pack Vendor :STMicroelectronics X-CUBE-AZRTOS-F4 1.1.0
2025-04-12 11:23:04,214 [INFO] ThirdParty:1030 - CMSIS Pack Vendor :STMicroelectronics FP-ATR-ASTRA1 2.0.2
2025-04-12 11:23:04,215 [INFO] ThirdParty:1030 - CMSIS Pack Vendor :STMicroelectronics X-CUBE-BLE1 7.1.0
2025-04-12 11:23:04,215 [INFO] ThirdParty:1030 - CMSIS Pack Vendor :STMicroelectronics X-CUBE-SMBUS 2.1.0
2025-04-12 11:23:04,216 [INFO] ThirdParty:1030 - CMSIS Pack Vendor :STMicroelectronics X-CUBE-WB05N 1.1.0
2025-04-12 11:23:04,216 [INFO] ThirdParty:1030 - CMSIS Pack Vendor :wolfSSL I-CUBE-wolfMQTT 1.19.2
2025-04-12 11:23:04,217 [INFO] ThirdParty:1030 - CMSIS Pack Vendor :STMicroelectronics X-CUBE-ISPU 2.1.0
2025-04-12 11:23:04,217 [INFO] ThirdParty:1030 - CMSIS Pack Vendor :STMicroelectronics X-CUBE-AZRTOS-WB 2.0.0
2025-04-12 11:23:04,218 [INFO] ThirdParty:1030 - CMSIS Pack Vendor :STMicroelectronics X-CUBE-GNSS1 7.0.1
2025-04-12 11:23:04,218 [INFO] ThirdParty:1030 - CMSIS Pack Vendor :STMicroelectronics X-CUBE-TOUCHGFX 4.25.0
2025-04-12 11:23:04,219 [INFO] ThirdParty:1030 - CMSIS Pack Vendor :STMicroelectronics X-CUBE-AZRTOS-F7 1.1.0
2025-04-12 11:23:04,219 [INFO] ThirdParty:1030 - CMSIS Pack Vendor :STMicroelectronics X-CUBE-AZRTOS-L5 2.0.0
2025-04-12 11:23:04,220 [INFO] ThirdParty:1030 - CMSIS Pack Vendor :STMicroelectronics X-CUBE-NFC6 3.1.0
2025-04-12 11:23:04,221 [INFO] ThirdParty:1030 - CMSIS Pack Vendor :STMicroelectronics FP-SNS-STBOX1 2.0.0
2025-04-12 11:23:04,221 [INFO] ThirdParty:1030 - CMSIS Pack Vendor :STMicroelectronics X-CUBE-AZRTOS-G0 1.1.0
2025-04-12 11:23:04,222 [INFO] ThirdParty:1030 - CMSIS Pack Vendor :STMicroelectronics X-CUBE-NFC4 3.0.0
2025-04-12 11:23:04,223 [INFO] ThirdParty:1030 - CMSIS Pack Vendor :STMicroelectronics X-CUBE-SAFEA1 1.2.2
2025-04-12 11:23:04,223 [INFO] ThirdParty:1030 - CMSIS Pack Vendor :STMicroelectronics X-CUBE-SUBG2 5.0.0
2025-04-12 11:23:04,224 [INFO] ThirdParty:1030 - CMSIS Pack Vendor :STMicroelectronics X-CUBE-AZRTOS-H7RS 1.1.0
2025-04-12 11:23:04,226 [INFO] ThirdParty:1030 - CMSIS Pack Vendor :EmbeddedOffice I-CUBE-FS-RTOS 1.0.1
2025-04-12 11:23:04,226 [INFO] ThirdParty:1030 - CMSIS Pack Vendor :Cesanta I-CUBE-Mongoose 7.13.0
2025-04-12 11:23:04,227 [INFO] ThirdParty:1030 - CMSIS Pack Vendor :Infineon AIROC-Wi-Fi-Bluetooth-STM32 1.7.0
2025-04-12 11:23:04,228 [INFO] ThirdParty:1030 - CMSIS Pack Vendor :STMicroelectronics X-CUBE-AZRTOS-G4 2.0.0
2025-04-12 11:23:04,228 [INFO] ThirdParty:1030 - CMSIS Pack Vendor :wolfSSL I-CUBE-wolfTPM 3.8.0
2025-04-12 11:23:04,229 [INFO] ThirdParty:1030 - CMSIS Pack Vendor :STMicroelectronics X-CUBE-DISPLAY 3.0.0
2025-04-12 11:23:04,229 [INFO] ThirdParty:1030 - CMSIS Pack Vendor :wolfSSL I-CUBE-wolfSSH 1.4.20
2025-04-12 11:23:04,230 [INFO] ThirdParty:1030 - CMSIS Pack Vendor :RealThread X-CUBE-RT-Thread_Nano 4.1.1
2025-04-12 11:23:04,231 [INFO] ThirdParty:1030 - CMSIS Pack Vendor :STMicroelectronics FP-ATR-SIGFOX1 3.2.0
2025-04-12 11:23:04,231 [INFO] ThirdParty:1030 - CMSIS Pack Vendor :STMicroelectronics X-CUBE-NFC10 1.0.0
2025-04-12 11:23:04,232 [INFO] ThirdParty:1030 - CMSIS Pack Vendor :STMicroelectronics X-CUBE-BLEMGR 4.0.0
2025-04-12 11:23:04,232 [INFO] ThirdParty:1030 - CMSIS Pack Vendor :STMicroelectronics X-CUBE-EEPRMA1 5.1.0
2025-04-12 11:23:04,233 [INFO] ThirdParty:1030 - CMSIS Pack Vendor :STMicroelectronics X-CUBE-ALS 1.0.2
2025-04-12 11:23:04,233 [INFO] ThirdParty:1030 - CMSIS Pack Vendor :STMicroelectronics X-CUBE-FREERTOS 1.3.0
2025-04-12 11:23:04,234 [INFO] ThirdParty:1030 - CMSIS Pack Vendor :emotas I-CUBE-CANOPEN 1.3.0
2025-04-12 11:23:04,234 [INFO] ThirdParty:1030 - CMSIS Pack Vendor :STMicroelectronics X-CUBE-NFC7 1.0.1
2025-04-12 11:23:04,235 [INFO] ThirdParty:1030 - CMSIS Pack Vendor :wolfSSL I-CUBE-wolfSSL 5.7.6
2025-04-12 11:23:04,236 [INFO] ThirdParty:1030 - CMSIS Pack Vendor :ITTIA_DB I-CUBE-ITTIADB 8.9.0
2025-04-12 11:23:04,241 [INFO] ThirdParty:1030 - CMSIS Pack Vendor :portGmbH I-Cube-SoM-uGOAL 1.1.0
2025-04-12 11:23:04,241 [INFO] ThirdParty:1030 - CMSIS Pack Vendor :STMicroelectronics X-CUBE-AI 10.0.0
2025-04-12 11:23:04,242 [INFO] ThirdParty:1030 - CMSIS Pack Vendor :quantropi X-CUBE-qispace-sdk-base 2.0.0
2025-04-12 11:23:04,245 [INFO] ThirdParty:1030 - CMSIS Pack Vendor :STMicroelectronics FP-SNS-SMARTAG2 1.2.0
2025-04-12 11:23:04,246 [INFO] ThirdParty:1030 - CMSIS Pack Vendor :STMicroelectronics X-CUBE-MEMS1 11.1.0
2025-04-12 11:23:04,246 [INFO] ThirdParty:1030 - CMSIS Pack Vendor :STMicroelectronics X-CUBE-AZRTOS-WL 2.0.0
2025-04-12 11:23:04,247 [INFO] ThirdParty:1030 - CMSIS Pack Vendor :SEGGER I-CUBE-embOS 1.3.1
2025-04-12 11:23:04,253 [INFO] ThirdParty:1030 - CMSIS Pack Vendor :STMicroelectronics X-CUBE-DPower 1.3.0
2025-04-12 11:23:04,254 [INFO] ThirdParty:1030 - CMSIS Pack Vendor :STMicroelectronics X-CUBE-ALGOBUILD 1.4.0
2025-04-12 11:23:04,254 [INFO] ThirdParty:1030 - CMSIS Pack Vendor :STMicroelectronics FP-SNS-MOTENV1 5.0.0
2025-04-12 11:23:04,255 [INFO] ThirdParty:1030 - CMSIS Pack Vendor :STMicroelectronics X-CUBE-AZRTOS-L4 2.0.0
2025-04-12 11:23:04,256 [INFO] ThirdParty:1030 - CMSIS Pack Vendor :WES I-CUBE-Cesium 1.3.0
2025-04-12 11:23:04,257 [INFO] ThirdParty:1030 - CMSIS Pack Vendor :STMicroelectronics X-CUBE-SFXS2LP1 4.0.0
2025-04-12 11:23:04,257 [INFO] ThirdParty:1030 - CMSIS Pack Vendor :STMicroelectronics X-CUBE-BLE2 3.3.0
2025-04-12 11:23:04,258 [INFO] ThirdParty:1030 - CMSIS Pack Vendor :STMicroelectronics X-CUBE-TOF1 3.4.2
2025-04-12 11:23:04,258 [INFO] LoadServerUpdatesThread:375 - End of LoadServerUpdate Thread
2025-04-12 11:23:21,886 [ERROR] LogOutputStream:75 - [STDERR_REDIRECT] 
